[2023-04-01 10:01:47,267] numexpr.utils - INFO - NumExpr defaulting to 8 threads.
[2023-04-01 10:01:49,964] root - INFO - Training pipleine config: TrainingPipelineConfig(artifact_dir='C:\\Users\\Sumeet Maheshwari\\Desktop\\end to end project\\US Visa Prediction\\US Visa Prediction\\us_visa\\artifact')
[2023-04-01 10:01:49,964] root - INFO - Data Ingestion config: DataIngestionConfig(dataset_download_url='https://raw.githubusercontent.com/Shivan118/Main-Branching/main/Visadataset.csv', raw_data_dir='C:\\Users\\Sumeet Maheshwari\\Desktop\\end to end project\\US Visa Prediction\\US Visa Prediction\\us_visa\\artifact\\data_ingestion\\2023-04-01-10-01-46\\raw_data', ingested_train_dir='C:\\Users\\Sumeet Maheshwari\\Desktop\\end to end project\\US Visa Prediction\\US Visa Prediction\\us_visa\\artifact\\data_ingestion\\2023-04-01-10-01-46\\ingested_data\\train', ingested_test_dir='C:\\Users\\Sumeet Maheshwari\\Desktop\\end to end project\\US Visa Prediction\\US Visa Prediction\\us_visa\\artifact\\data_ingestion\\2023-04-01-10-01-46\\ingested_data\\test')
[2023-04-01 10:01:49,966] root - INFO - >>>>>>>>>>>>>>>>>>>>>>>>>>>>>>>>>>>>>>>>>>>>>>>>>>>>>>>>>>>>Data Ingestion log started.<<<<<<<<<<<<<<<<<<<<<<<<<<<<<<<<<<<<<<<<<<<<<<<<<<<<<<<<<<<< 


[2023-04-01 10:01:49,967] root - INFO - Downloading file from :[https://raw.githubusercontent.com/Shivan118/Main-Branching/main/Visadataset.csv] into :[C:\Users\Sumeet Maheshwari\Desktop\end to end project\US Visa Prediction\US Visa Prediction\us_visa\artifact\data_ingestion\2023-04-01-10-01-46\raw_data\Visadataset.csv]
[2023-04-01 10:01:56,239] root - INFO - File :[C:\Users\Sumeet Maheshwari\Desktop\end to end project\US Visa Prediction\US Visa Prediction\us_visa\artifact\data_ingestion\2023-04-01-10-01-46\raw_data\Visadataset.csv] has been downloaded successfully.
[2023-04-01 10:01:56,239] root - INFO - Reading csv file: [C:\Users\Sumeet Maheshwari\Desktop\end to end project\US Visa Prediction\US Visa Prediction\us_visa\artifact\data_ingestion\2023-04-01-10-01-46\raw_data\Visadataset.csv]
[2023-04-01 10:01:56,309] root - INFO - Splitting data into train and test
[2023-04-01 10:01:56,316] root - INFO - Exporting training dataset to file: [C:\Users\Sumeet Maheshwari\Desktop\end to end project\US Visa Prediction\US Visa Prediction\us_visa\artifact\data_ingestion\2023-04-01-10-01-46\ingested_data\train\Visadataset.csv]
[2023-04-01 10:01:56,404] root - INFO - Exporting test dataset to file: [C:\Users\Sumeet Maheshwari\Desktop\end to end project\US Visa Prediction\US Visa Prediction\us_visa\artifact\data_ingestion\2023-04-01-10-01-46\ingested_data\test\Visadataset.csv]
[2023-04-01 10:01:56,432] root - ERROR - 
                        error occured in script: 
                        [C:\Users\Sumeet Maheshwari\Desktop\end to end project\US Visa Prediction\US Visa Prediction\visa\pipeline\pipeline.py] at 
                        try block line number: [67] execption block line number: [73]
                        error message: [
                        error occured in script: 
                        [C:\Users\Sumeet Maheshwari\Desktop\end to end project\US Visa Prediction\US Visa Prediction\visa\pipeline\pipeline.py] at 
                        try block line number: [34] execption block line number: [36]
                        error message: [
                        error occured in script: 
                        [C:\Users\Sumeet Maheshwari\Desktop\end to end project\US Visa Prediction\US Visa Prediction\visa\components\data_ingestion.py] at 
                        try block line number: [108] execption block line number: [110]
                        error message: [
                        error occured in script: 
                        [C:\Users\Sumeet Maheshwari\Desktop\end to end project\US Visa Prediction\US Visa Prediction\visa\components\data_ingestion.py] at 
                        try block line number: [94] execption block line number: [103]
                        error message: [<lambda>() got an unexpected keyword argument 'is_ingested']]]]
